This is pdfTeX, Version 3.1415926-2.5-1.40.14 (TeX Live 2013) (format=pdflatex 2018.3.9)  9 MAY 2018 13:11
entering extended mode
 restricted \write18 enabled.
 file:line:error style messages enabled.
 %&-line parsing enabled.
**my-dissertation.tex
(./my-dissertation.tex
LaTeX2e <2011/06/27>
Babel <v3.8m> and hyphenation patterns for english, dumylang, nohyphenation, lo
aded.
(./utthesis.cls
utthesis.cls
ver 1.0.0
Created by Tony Saad
March 30, 2010
Some parts and settings of this class are based on the template provided by Dav
id L. Page.
Document Class: utthesis 
(/usr/share/texlive/texmf-dist/tex/latex/base/report.cls
Document Class: report 2007/10/19 v1.4h Standard LaTeX document class
(/usr/share/texlive/texmf-dist/tex/latex/base/size12.clo
File: size12.clo 2007/10/19 v1.4h Standard LaTeX file (size option)
)
\c@part=\count79
\c@chapter=\count80
\c@section=\count81
\c@subsection=\count82
\c@subsubsection=\count83
\c@paragraph=\count84
\c@subparagraph=\count85
\c@figure=\count86
\c@table=\count87
\abovecaptionskip=\skip41
\belowcaptionskip=\skip42
\bibindent=\dimen102
)
(/usr/share/texlive/texmf-dist/tex/latex/amsmath/amsmath.sty
Package: amsmath 2013/01/14 v2.14 AMS math features
\@mathmargin=\skip43

For additional information on amsmath, use the `?' option.
(/usr/share/texlive/texmf-dist/tex/latex/amsmath/amstext.sty
Package: amstext 2000/06/29 v2.01

(/usr/share/texlive/texmf-dist/tex/latex/amsmath/amsgen.sty
File: amsgen.sty 1999/11/30 v2.0
\@emptytoks=\toks14
\ex@=\dimen103
))
(/usr/share/texlive/texmf-dist/tex/latex/amsmath/amsbsy.sty
Package: amsbsy 1999/11/29 v1.2d
\pmbraise@=\dimen104
)
(/usr/share/texlive/texmf-dist/tex/latex/amsmath/amsopn.sty
Package: amsopn 1999/12/14 v2.01 operator names
)
\inf@bad=\count88
LaTeX Info: Redefining \frac on input line 210.
\uproot@=\count89
\leftroot@=\count90
LaTeX Info: Redefining \overline on input line 306.
\classnum@=\count91
\DOTSCASE@=\count92
LaTeX Info: Redefining \ldots on input line 378.
LaTeX Info: Redefining \dots on input line 381.
LaTeX Info: Redefining \cdots on input line 466.
\Mathstrutbox@=\box26
\strutbox@=\box27
\big@size=\dimen105
LaTeX Font Info:    Redeclaring font encoding OML on input line 566.
LaTeX Font Info:    Redeclaring font encoding OMS on input line 567.
\macc@depth=\count93
\c@MaxMatrixCols=\count94
\dotsspace@=\muskip10
\c@parentequation=\count95
\dspbrk@lvl=\count96
\tag@help=\toks15
\row@=\count97
\column@=\count98
\maxfields@=\count99
\andhelp@=\toks16
\eqnshift@=\dimen106
\alignsep@=\dimen107
\tagshift@=\dimen108
\tagwidth@=\dimen109
\totwidth@=\dimen110
\lineht@=\dimen111
\@envbody=\toks17
\multlinegap=\skip44
\multlinetaggap=\skip45
\mathdisplay@stack=\toks18
LaTeX Info: Redefining \[ on input line 2665.
LaTeX Info: Redefining \] on input line 2666.
)
(/usr/share/texlive/texmf-dist/tex/latex/amscls/amsthm.sty
Package: amsthm 2004/08/06 v2.20
\thm@style=\toks19
\thm@bodyfont=\toks20
\thm@headfont=\toks21
\thm@notefont=\toks22
\thm@headpunct=\toks23
\thm@preskip=\skip46
\thm@postskip=\skip47
\thm@headsep=\skip48
\dth@everypar=\toks24
)
(/usr/share/texlive/texmf-dist/tex/latex/amsfonts/amssymb.sty
Package: amssymb 2013/01/14 v3.01 AMS font symbols

(/usr/share/texlive/texmf-dist/tex/latex/amsfonts/amsfonts.sty
Package: amsfonts 2013/01/14 v3.01 Basic AMSFonts support
\symAMSa=\mathgroup4
\symAMSb=\mathgroup5
LaTeX Font Info:    Overwriting math alphabet `\mathfrak' in version `bold'
(Font)                  U/euf/m/n --> U/euf/b/n on input line 106.
))
(/usr/share/texlive/texmf-dist/tex/latex/setspace/setspace.sty
Package: setspace 2011/12/19 v6.7a set line spacing
)
(/usr/share/texlive/texmf-dist/tex/latex/geometry/geometry.sty
Package: geometry 2010/09/12 v5.6 Page Geometry

(/usr/share/texlive/texmf-dist/tex/latex/graphics/keyval.sty
Package: keyval 1999/03/16 v1.13 key=value parser (DPC)
\KV@toks@=\toks25
)
(/usr/share/texlive/texmf-dist/tex/generic/oberdiek/ifpdf.sty
Package: ifpdf 2011/01/30 v2.3 Provides the ifpdf switch (HO)
Package ifpdf Info: pdfTeX in PDF mode is detected.
)
(/usr/share/texlive/texmf-dist/tex/generic/oberdiek/ifvtex.sty
Package: ifvtex 2010/03/01 v1.5 Detect VTeX and its facilities (HO)
Package ifvtex Info: VTeX not detected.
)
(/usr/share/texlive/texmf-dist/tex/generic/ifxetex/ifxetex.sty
Package: ifxetex 2010/09/12 v0.6 Provides ifxetex conditional
)
\Gm@cnth=\count100
\Gm@cntv=\count101
\c@Gm@tempcnt=\count102
\Gm@bindingoffset=\dimen112
\Gm@wd@mp=\dimen113
\Gm@odd@mp=\dimen114
\Gm@even@mp=\dimen115
\Gm@layoutwidth=\dimen116
\Gm@layoutheight=\dimen117
\Gm@layouthoffset=\dimen118
\Gm@layoutvoffset=\dimen119
\Gm@dimlist=\toks26
)
(/usr/share/texlive/texmf-dist/tex/latex/hyperref/hyperref.sty
Package: hyperref 2012/11/06 v6.83m Hypertext links for LaTeX

(/usr/share/texlive/texmf-dist/tex/generic/oberdiek/hobsub-hyperref.sty
Package: hobsub-hyperref 2012/05/28 v1.13 Bundle oberdiek, subset hyperref (HO)


(/usr/share/texlive/texmf-dist/tex/generic/oberdiek/hobsub-generic.sty
Package: hobsub-generic 2012/05/28 v1.13 Bundle oberdiek, subset generic (HO)
Package: hobsub 2012/05/28 v1.13 Construct package bundles (HO)
Package: infwarerr 2010/04/08 v1.3 Providing info/warning/error messages (HO)
Package: ltxcmds 2011/11/09 v1.22 LaTeX kernel commands for general use (HO)
Package: ifluatex 2010/03/01 v1.3 Provides the ifluatex switch (HO)
Package ifluatex Info: LuaTeX not detected.
Package hobsub Info: Skipping package `ifvtex' (already loaded).
Package: intcalc 2007/09/27 v1.1 Expandable calculations with integers (HO)
Package hobsub Info: Skipping package `ifpdf' (already loaded).
Package: etexcmds 2011/02/16 v1.5 Avoid name clashes with e-TeX commands (HO)
Package etexcmds Info: Could not find \expanded.
(etexcmds)             That can mean that you are not using pdfTeX 1.50 or
(etexcmds)             that some package has redefined \expanded.
(etexcmds)             In the latter case, load this package earlier.
Package: kvsetkeys 2012/04/25 v1.16 Key value parser (HO)
Package: kvdefinekeys 2011/04/07 v1.3 Define keys (HO)
Package: pdftexcmds 2011/11/29 v0.20 Utility functions of pdfTeX for LuaTeX (HO
)
Package pdftexcmds Info: LuaTeX not detected.
Package pdftexcmds Info: \pdf@primitive is available.
Package pdftexcmds Info: \pdf@ifprimitive is available.
Package pdftexcmds Info: \pdfdraftmode found.
Package: pdfescape 2011/11/25 v1.13 Implements pdfTeX's escape features (HO)
Package: bigintcalc 2012/04/08 v1.3 Expandable calculations on big integers (HO
)
Package: bitset 2011/01/30 v1.1 Handle bit-vector datatype (HO)
Package: uniquecounter 2011/01/30 v1.2 Provide unlimited unique counter (HO)
)
Package hobsub Info: Skipping package `hobsub' (already loaded).
Package: letltxmacro 2010/09/02 v1.4 Let assignment for LaTeX macros (HO)
Package: hopatch 2012/05/28 v1.2 Wrapper for package hooks (HO)
Package: xcolor-patch 2011/01/30 xcolor patch
Package: atveryend 2011/06/30 v1.8 Hooks at the very end of document (HO)
Package atveryend Info: \enddocument detected (standard20110627).
Package: atbegshi 2011/10/05 v1.16 At begin shipout hook (HO)
Package: refcount 2011/10/16 v3.4 Data extraction from label references (HO)
Package: hycolor 2011/01/30 v1.7 Color options for hyperref/bookmark (HO)
)
(/usr/share/texlive/texmf-dist/tex/latex/oberdiek/auxhook.sty
Package: auxhook 2011/03/04 v1.3 Hooks for auxiliary files (HO)
)
(/usr/share/texlive/texmf-dist/tex/latex/oberdiek/kvoptions.sty
Package: kvoptions 2011/06/30 v3.11 Key value format for package options (HO)
)
\@linkdim=\dimen120
\Hy@linkcounter=\count103
\Hy@pagecounter=\count104

(/usr/share/texlive/texmf-dist/tex/latex/hyperref/pd1enc.def
File: pd1enc.def 2012/11/06 v6.83m Hyperref: PDFDocEncoding definition (HO)
)
\Hy@SavedSpaceFactor=\count105

(/usr/share/texlive/texmf-dist/tex/latex/latexconfig/hyperref.cfg
File: hyperref.cfg 2002/06/06 v1.2 hyperref configuration of TeXLive
)
Package hyperref Info: Option `plainpages' set `false' on input line 4319.
Package hyperref Info: Option `pdfpagelabels' set `true' on input line 4319.
Package hyperref Info: Option `breaklinks' set `true' on input line 4319.
Package hyperref Info: Hyper figures OFF on input line 4443.
Package hyperref Info: Link nesting OFF on input line 4448.
Package hyperref Info: Hyper index ON on input line 4451.
Package hyperref Info: Plain pages OFF on input line 4458.
Package hyperref Info: Backreferencing ON on input line 4461.
Package hyperref Info: Implicit mode ON; LaTeX internals redefined.
Package hyperref Info: Bookmarks ON on input line 4688.

(/usr/share/texlive/texmf-dist/tex/latex/hyperref/backref.sty
Package: backref 2012/07/25 v1.38 Bibliographical back referencing

(/usr/share/texlive/texmf-dist/tex/latex/oberdiek/rerunfilecheck.sty
Package: rerunfilecheck 2011/04/15 v1.7 Rerun checks for auxiliary files (HO)
Package uniquecounter Info: New unique counter `rerunfilecheck' on input line 2
82.
))
\c@Hy@tempcnt=\count106

(/usr/share/texlive/texmf-dist/tex/latex/url/url.sty
\Urlmuskip=\muskip11
Package: url 2006/04/12  ver 3.3  Verb mode for urls, etc.
)
LaTeX Info: Redefining \url on input line 5041.
\XeTeXLinkMargin=\dimen121
\Fld@menulength=\count107
\Field@Width=\dimen122
\Fld@charsize=\dimen123
Package hyperref Info: Hyper figures OFF on input line 6295.
Package hyperref Info: Link nesting OFF on input line 6300.
Package hyperref Info: Hyper index ON on input line 6303.
Package hyperref Info: backreferencing ON on input line 6308.
Package hyperref Info: Link coloring OFF on input line 6315.
Package hyperref Info: Link coloring with OCG OFF on input line 6320.
Package hyperref Info: PDF/A mode OFF on input line 6325.
LaTeX Info: Redefining \ref on input line 6365.
LaTeX Info: Redefining \pageref on input line 6369.
\Hy@abspage=\count108
\c@Item=\count109
\c@Hfootnote=\count110
)

Package hyperref Message: Driver: hpdftex.

(/usr/share/texlive/texmf-dist/tex/latex/hyperref/hpdftex.def
File: hpdftex.def 2012/11/06 v6.83m Hyperref driver for pdfTeX
\Fld@listcount=\count111
\c@bookmark@seq@number=\count112
\Hy@SectionHShift=\skip49
)
(/usr/share/texlive/texmf-dist/tex/latex/graphics/color.sty
Package: color 2005/11/14 v1.0j Standard LaTeX Color (DPC)

(/usr/share/texlive/texmf-dist/tex/latex/latexconfig/color.cfg
File: color.cfg 2007/01/18 v1.5 color configuration of teTeX/TeXLive
)
Package color Info: Driver file: pdftex.def on input line 130.

(/usr/share/texlive/texmf-dist/tex/latex/pdftex-def/pdftex.def
File: pdftex.def 2011/05/27 v0.06d Graphics/color for pdfTeX
\Gread@gobject=\count113
))
\c@theorem=\count114
\c@corollary=\count115
\c@lemma=\count116
Package hyperref Info: Option `bookmarksnumbered' set `true' on input line 149.

Package hyperref Info: Option `bookmarksopen' set `false' on input line 149.
Package hyperref Info: Option `pdffitwindow' set `true' on input line 149.
Package hyperref Info: Option `pdfnewwindow' set `true' on input line 149.
Package hyperref Info: Option `colorlinks' set `true' on input line 149.
)
(./nomencl.sty
Package: nomencl 2005/09/22 v4.2 Nomenclature package (LN)
\nomlabelwidth=\dimen124
\nom@tempdim=\dimen125
\nomitemsep=\skip50
) (/usr/share/texlive/texmf-dist/tex/latex/float/float.sty
Package: float 2001/11/08 v1.3d Float enhancements (AL)
\c@float@type=\count117
\float@exts=\toks27
\float@box=\box28
\@float@everytoks=\toks28
\@floatcapt=\box29
)
(/usr/share/texlive/texmf-dist/tex/latex/natbib/natbib.sty
Package: natbib 2010/09/13 8.31b (PWD, AO)
\bibhang=\skip51
\bibsep=\skip52
LaTeX Info: Redefining \cite on input line 694.
\c@NAT@ctr=\count118
)
(/usr/share/texlive/texmf-dist/tex/latex/graphics/graphicx.sty
Package: graphicx 1999/02/16 v1.0f Enhanced LaTeX Graphics (DPC,SPQR)

(/usr/share/texlive/texmf-dist/tex/latex/graphics/graphics.sty
Package: graphics 2009/02/05 v1.0o Standard LaTeX Graphics (DPC,SPQR)

(/usr/share/texlive/texmf-dist/tex/latex/graphics/trig.sty
Package: trig 1999/03/16 v1.09 sin cos tan (DPC)
)
(/usr/share/texlive/texmf-dist/tex/latex/latexconfig/graphics.cfg
File: graphics.cfg 2010/04/23 v1.9 graphics configuration of TeX Live
)
Package graphics Info: Driver file: pdftex.def on input line 91.
)
\Gin@req@height=\dimen126
\Gin@req@width=\dimen127
)
(/usr/share/texlive/texmf-dist/tex/latex/fancyhdr/fancyhdr.sty
\fancy@headwidth=\skip53
\f@ncyO@elh=\skip54
\f@ncyO@erh=\skip55
\f@ncyO@olh=\skip56
\f@ncyO@orh=\skip57
\f@ncyO@elf=\skip58
\f@ncyO@erf=\skip59
\f@ncyO@olf=\skip60
\f@ncyO@orf=\skip61
) (./srcltx.sty
Package: srcltx 2006/11/12 v1.6 Source specials for inverse search in DVI files


(/usr/share/texlive/texmf-dist/tex/latex/base/ifthen.sty
Package: ifthen 2001/05/26 v1.1c Standard LaTeX ifthen package (DPC)
)
\src@lastline=\count119
\src@new@everypar=\toks29
\src@new@output=\toks30
) (./relsize.sty
Package: relsize 2013/03/29 ver 4.1
)
(/usr/share/texlive/texmf-dist/tex/latex/booktabs/booktabs.sty
Package: booktabs 2005/04/14 v1.61803 publication quality tables
\heavyrulewidth=\dimen128
\lightrulewidth=\dimen129
\cmidrulewidth=\dimen130
\belowrulesep=\dimen131
\belowbottomsep=\dimen132
\aboverulesep=\dimen133
\abovetopsep=\dimen134
\cmidrulesep=\dimen135
\cmidrulekern=\dimen136
\defaultaddspace=\dimen137
\@cmidla=\count120
\@cmidlb=\count121
\@aboverulesep=\dimen138
\@belowrulesep=\dimen139
\@thisruleclass=\count122
\@lastruleclass=\count123
\@thisrulewidth=\dimen140
)
(/usr/share/texlive/texmf-dist/tex/latex/caption/caption.sty
Package: caption 2013/02/03 v3.3-65 Customizing captions (AR)

(/usr/share/texlive/texmf-dist/tex/latex/caption/caption3.sty
Package: caption3 2013/02/03 v1.5-62 caption3 kernel (AR)
\captionmargin=\dimen141
\captionmargin@=\dimen142
\captionwidth=\dimen143
\caption@tempdima=\dimen144
\caption@indent=\dimen145
\caption@parindent=\dimen146
\caption@hangindent=\dimen147
)

Package caption Warning: Configuration file caption.cfg not found on input line
 278.
See the caption package documentation for explanation.

\c@ContinuedFloat=\count124
Package caption Info: float package is loaded.
Package caption Info: hyperref package is loaded.
) (/usr/share/texlive/texmf-dist/tex/latex/subfig/subfig.sty
Package: subfig 2005/06/28 ver: 1.3 subfig package
\c@KVtest=\count125
\sf@farskip=\skip62
\sf@captopadj=\dimen148
\sf@capskip=\skip63
\sf@nearskip=\skip64


Package subfig Warning: Configuration file subfig.cfg not found on input line 2
97.

\c@subfigure=\count126
\c@subfigure@save=\count127
\c@lofdepth=\count128
\c@subtable=\count129
\c@subtable@save=\count130
\c@lotdepth=\count131
\sf@top=\skip65
\sf@bottom=\skip66
) (/usr/share/texlive/texmf-dist/tex/latex/pgf/frontendlayer/tikz.sty
(/usr/share/texlive/texmf-dist/tex/latex/pgf/basiclayer/pgf.sty
(/usr/share/texlive/texmf-dist/tex/latex/pgf/utilities/pgfrcs.sty
(/usr/share/texlive/texmf-dist/tex/generic/pgf/utilities/pgfutil-common.tex
\pgfutil@everybye=\toks31
)
(/usr/share/texlive/texmf-dist/tex/generic/pgf/utilities/pgfutil-latex.def
\pgfutil@abb=\box30

(/usr/share/texlive/texmf-dist/tex/latex/ms/everyshi.sty
Package: everyshi 2001/05/15 v3.00 EveryShipout Package (MS)
))
Package srcltx Info: Expanded filename `pgfrcs.code.tex' to `pgfrcs.code.tex' o
n input line 13.

:<+ pgfrcs.code.tex
(/usr/share/texlive/texmf-dist/tex/generic/pgf/utilities/pgfrcs.code.tex
Package: pgfrcs 2010/10/25 v2.10 (rcs-revision 1.24)
)
:<-
)
Package: pgf 2008/01/15 v2.10 (rcs-revision 1.12)
 (/usr/share/texlive/texmf-dist/tex/latex/pgf/basiclayer/pgfcore.sty
(/usr/share/texlive/texmf-dist/tex/latex/pgf/systemlayer/pgfsys.sty
Package srcltx Info: Expanded filename `pgfsys.code.tex' to `pgfsys.code.tex' o
n input line 12.

:<+ pgfsys.code.tex
(/usr/share/texlive/texmf-dist/tex/generic/pgf/systemlayer/pgfsys.code.tex
Package: pgfsys 2010/06/30 v2.10 (rcs-revision 1.37)

(/usr/share/texlive/texmf-dist/tex/generic/pgf/utilities/pgfkeys.code.tex
\pgfkeys@pathtoks=\toks32
\pgfkeys@temptoks=\toks33

(/usr/share/texlive/texmf-dist/tex/generic/pgf/utilities/pgfkeysfiltered.code.t
ex
\pgfkeys@tmptoks=\toks34
))
\pgf@x=\dimen149
\pgf@y=\dimen150
\pgf@xa=\dimen151
\pgf@ya=\dimen152
\pgf@xb=\dimen153
\pgf@yb=\dimen154
\pgf@xc=\dimen155
\pgf@yc=\dimen156
\w@pgf@writea=\write3
\r@pgf@reada=\read1
\c@pgf@counta=\count132
\c@pgf@countb=\count133
\c@pgf@countc=\count134
\c@pgf@countd=\count135
 (/usr/share/texlive/texmf-dist/tex/generic/pgf/systemlayer/pgf.cfg
File: pgf.cfg 2008/05/14  (rcs-revision 1.7)
)
Package pgfsys Info: Driver file for pgf: pgfsys-pdftex.def on input line 900.

(/usr/share/texlive/texmf-dist/tex/generic/pgf/systemlayer/pgfsys-pdftex.def
File: pgfsys-pdftex.def 2009/05/22  (rcs-revision 1.26)

(/usr/share/texlive/texmf-dist/tex/generic/pgf/systemlayer/pgfsys-common-pdf.de
f
File: pgfsys-common-pdf.def 2008/05/19  (rcs-revision 1.10)
)))
:<-
Package srcltx Info: Expanded filename `pgfsyssoftpath.code.tex' to `pgfsyssoft
path.code.tex' on input line 13.
:<+ pgfsyssoftpath.code.tex

(/usr/share/texlive/texmf-dist/tex/generic/pgf/systemlayer/pgfsyssoftpath.code.
tex
File: pgfsyssoftpath.code.tex 2008/07/18  (rcs-revision 1.7)
\pgfsyssoftpath@smallbuffer@items=\count136
\pgfsyssoftpath@bigbuffer@items=\count137
)
:<-
Package srcltx Info: Expanded filename `pgfsysprotocol.code.tex' to `pgfsysprot
ocol.code.tex' on input line 14.
:<+ pgfsysprotocol.code.tex

(/usr/share/texlive/texmf-dist/tex/generic/pgf/systemlayer/pgfsysprotocol.code.
tex
File: pgfsysprotocol.code.tex 2006/10/16  (rcs-revision 1.4)
)
:<-
) (/usr/share/texlive/texmf-dist/tex/latex/xcolor/xcolor.sty
Package: xcolor 2007/01/21 v2.11 LaTeX color extensions (UK)

(/usr/share/texlive/texmf-dist/tex/latex/latexconfig/color.cfg
File: color.cfg 2007/01/18 v1.5 color configuration of teTeX/TeXLive
)
Package xcolor Info: Driver file: pdftex.def on input line 225.
LaTeX Info: Redefining \color on input line 702.
Package xcolor Info: Model `cmy' substituted by `cmy0' on input line 1337.
Package xcolor Info: Model `hsb' substituted by `rgb' on input line 1341.
Package xcolor Info: Model `RGB' extended on input line 1353.
Package xcolor Info: Model `HTML' substituted by `rgb' on input line 1355.
Package xcolor Info: Model `Hsb' substituted by `hsb' on input line 1356.
Package xcolor Info: Model `tHsb' substituted by `hsb' on input line 1357.
Package xcolor Info: Model `HSB' substituted by `hsb' on input line 1358.
Package xcolor Info: Model `Gray' substituted by `gray' on input line 1359.
Package xcolor Info: Model `wave' substituted by `hsb' on input line 1360.
)
Package srcltx Info: Expanded filename `pgfcore.code.tex' to `pgfcore.code.tex'
 on input line 17.

:<+ pgfcore.code.tex
(/usr/share/texlive/texmf-dist/tex/generic/pgf/basiclayer/pgfcore.code.tex
Package: pgfcore 2010/04/11 v2.10 (rcs-revision 1.7)

(/usr/share/texlive/texmf-dist/tex/generic/pgf/math/pgfmath.code.tex
(/usr/share/texlive/texmf-dist/tex/generic/pgf/math/pgfmathcalc.code.tex
(/usr/share/texlive/texmf-dist/tex/generic/pgf/math/pgfmathutil.code.tex)
(/usr/share/texlive/texmf-dist/tex/generic/pgf/math/pgfmathparser.code.tex
\pgfmath@dimen=\dimen157
\pgfmath@count=\count138
\pgfmath@box=\box31
\pgfmath@toks=\toks35
\pgfmath@stack@operand=\toks36
\pgfmath@stack@operation=\toks37
)
(/usr/share/texlive/texmf-dist/tex/generic/pgf/math/pgfmathfunctions.code.tex
(/usr/share/texlive/texmf-dist/tex/generic/pgf/math/pgfmathfunctions.basic.code
.tex)
(/usr/share/texlive/texmf-dist/tex/generic/pgf/math/pgfmathfunctions.trigonomet
ric.code.tex)
(/usr/share/texlive/texmf-dist/tex/generic/pgf/math/pgfmathfunctions.random.cod
e.tex)
(/usr/share/texlive/texmf-dist/tex/generic/pgf/math/pgfmathfunctions.comparison
.code.tex)
(/usr/share/texlive/texmf-dist/tex/generic/pgf/math/pgfmathfunctions.base.code.
tex)
(/usr/share/texlive/texmf-dist/tex/generic/pgf/math/pgfmathfunctions.round.code
.tex)
(/usr/share/texlive/texmf-dist/tex/generic/pgf/math/pgfmathfunctions.misc.code.
tex)))
(/usr/share/texlive/texmf-dist/tex/generic/pgf/math/pgfmathfloat.code.tex
\c@pgfmathroundto@lastzeros=\count139
))
(/usr/share/texlive/texmf-dist/tex/generic/pgf/basiclayer/pgfcorepoints.code.te
x
File: pgfcorepoints.code.tex 2010/04/09  (rcs-revision 1.20)
\pgf@picminx=\dimen158
\pgf@picmaxx=\dimen159
\pgf@picminy=\dimen160
\pgf@picmaxy=\dimen161
\pgf@pathminx=\dimen162
\pgf@pathmaxx=\dimen163
\pgf@pathminy=\dimen164
\pgf@pathmaxy=\dimen165
\pgf@xx=\dimen166
\pgf@xy=\dimen167
\pgf@yx=\dimen168
\pgf@yy=\dimen169
\pgf@zx=\dimen170
\pgf@zy=\dimen171
)
(/usr/share/texlive/texmf-dist/tex/generic/pgf/basiclayer/pgfcorepathconstruct.
code.tex
File: pgfcorepathconstruct.code.tex 2010/08/03  (rcs-revision 1.24)
\pgf@path@lastx=\dimen172
\pgf@path@lasty=\dimen173
)
(/usr/share/texlive/texmf-dist/tex/generic/pgf/basiclayer/pgfcorepathusage.code
.tex
File: pgfcorepathusage.code.tex 2008/04/22  (rcs-revision 1.12)
\pgf@shorten@end@additional=\dimen174
\pgf@shorten@start@additional=\dimen175
)
(/usr/share/texlive/texmf-dist/tex/generic/pgf/basiclayer/pgfcorescopes.code.te
x
File: pgfcorescopes.code.tex 2010/09/08  (rcs-revision 1.34)
\pgfpic=\box32
\pgf@hbox=\box33
\pgf@layerbox@main=\box34
\pgf@picture@serial@count=\count140
)
(/usr/share/texlive/texmf-dist/tex/generic/pgf/basiclayer/pgfcoregraphicstate.c
ode.tex
File: pgfcoregraphicstate.code.tex 2008/04/22  (rcs-revision 1.9)
\pgflinewidth=\dimen176
)
(/usr/share/texlive/texmf-dist/tex/generic/pgf/basiclayer/pgfcoretransformation
s.code.tex
File: pgfcoretransformations.code.tex 2009/06/10  (rcs-revision 1.11)
\pgf@pt@x=\dimen177
\pgf@pt@y=\dimen178
\pgf@pt@temp=\dimen179
)
(/usr/share/texlive/texmf-dist/tex/generic/pgf/basiclayer/pgfcorequick.code.tex
File: pgfcorequick.code.tex 2008/10/09  (rcs-revision 1.3)
)
(/usr/share/texlive/texmf-dist/tex/generic/pgf/basiclayer/pgfcoreobjects.code.t
ex
File: pgfcoreobjects.code.tex 2006/10/11  (rcs-revision 1.2)
)
(/usr/share/texlive/texmf-dist/tex/generic/pgf/basiclayer/pgfcorepathprocessing
.code.tex
File: pgfcorepathprocessing.code.tex 2008/10/09  (rcs-revision 1.8)
)
(/usr/share/texlive/texmf-dist/tex/generic/pgf/basiclayer/pgfcorearrows.code.te
x
File: pgfcorearrows.code.tex 2008/04/23  (rcs-revision 1.11)
)
(/usr/share/texlive/texmf-dist/tex/generic/pgf/basiclayer/pgfcoreshade.code.tex
File: pgfcoreshade.code.tex 2008/11/23  (rcs-revision 1.13)
\pgf@max=\dimen180
\pgf@sys@shading@range@num=\count141
)
(/usr/share/texlive/texmf-dist/tex/generic/pgf/basiclayer/pgfcoreimage.code.tex
File: pgfcoreimage.code.tex 2010/03/25  (rcs-revision 1.16)

(/usr/share/texlive/texmf-dist/tex/generic/pgf/basiclayer/pgfcoreexternal.code.
tex
File: pgfcoreexternal.code.tex 2010/09/01  (rcs-revision 1.17)
\pgfexternal@startupbox=\box35
))
(/usr/share/texlive/texmf-dist/tex/generic/pgf/basiclayer/pgfcorelayers.code.te
x
File: pgfcorelayers.code.tex 2010/08/27  (rcs-revision 1.2)
)
(/usr/share/texlive/texmf-dist/tex/generic/pgf/basiclayer/pgfcoretransparency.c
ode.tex
File: pgfcoretransparency.code.tex 2008/01/17  (rcs-revision 1.2)
)
(/usr/share/texlive/texmf-dist/tex/generic/pgf/basiclayer/pgfcorepatterns.code.
tex
File: pgfcorepatterns.code.tex 2009/07/02  (rcs-revision 1.3)
))
:<-
)
(/usr/share/texlive/texmf-dist/tex/generic/pgf/modules/pgfmoduleshapes.code.tex
File: pgfmoduleshapes.code.tex 2010/09/09  (rcs-revision 1.13)
\pgfnodeparttextbox=\box36
) (/usr/share/texlive/texmf-dist/tex/generic/pgf/modules/pgfmoduleplot.code.tex
File: pgfmoduleplot.code.tex 2010/10/22  (rcs-revision 1.8)
)
(/usr/share/texlive/texmf-dist/tex/latex/pgf/compatibility/pgfcomp-version-0-65
.sty
Package: pgfcomp-version-0-65 2007/07/03 v2.10 (rcs-revision 1.7)
\pgf@nodesepstart=\dimen181
\pgf@nodesepend=\dimen182
)
(/usr/share/texlive/texmf-dist/tex/latex/pgf/compatibility/pgfcomp-version-1-18
.sty
Package: pgfcomp-version-1-18 2007/07/23 v2.10 (rcs-revision 1.1)
)) (/usr/share/texlive/texmf-dist/tex/latex/pgf/utilities/pgffor.sty
(/usr/share/texlive/texmf-dist/tex/latex/pgf/utilities/pgfkeys.sty
Package srcltx Info: Expanded filename `pgfkeys.code.tex' to `pgfkeys.code.tex'
 on input line 10.

:<+ pgfkeys.code.tex
(/usr/share/texlive/texmf-dist/tex/generic/pgf/utilities/pgfkeys.code.tex)
:<-
)
Package srcltx Info: Expanded filename `pgffor.code.tex' to `pgffor.code.tex' o
n input line 13.

:<+ pgffor.code.tex
(/usr/share/texlive/texmf-dist/tex/generic/pgf/utilities/pgffor.code.tex
Package: pgffor 2010/03/23 v2.10 (rcs-revision 1.18)
\pgffor@iter=\dimen183
\pgffor@skip=\dimen184
\pgffor@stack=\toks38
\pgffor@toks=\toks39
)
:<-
)
Package srcltx Info: Expanded filename `tikz.code.tex' to `tikz.code.tex' on in
put line 13.

:<+ tikz.code.tex

(/usr/share/texlive/texmf-dist/tex/generic/pgf/frontendlayer/tikz/tikz.code.tex
Package: tikz 2010/10/13 v2.10 (rcs-revision 1.76)

(/usr/share/texlive/texmf-dist/tex/generic/pgf/libraries/pgflibraryplothandlers
.code.tex
File: pgflibraryplothandlers.code.tex 2010/05/31 v2.10 (rcs-revision 1.15)
\pgf@plot@mark@count=\count142
\pgfplotmarksize=\dimen185
)
\tikz@lastx=\dimen186
\tikz@lasty=\dimen187
\tikz@lastxsaved=\dimen188
\tikz@lastysaved=\dimen189
\tikzleveldistance=\dimen190
\tikzsiblingdistance=\dimen191
\tikz@figbox=\box37
\tikz@tempbox=\box38
\tikztreelevel=\count143
\tikznumberofchildren=\count144
\tikznumberofcurrentchild=\count145
\tikz@fig@count=\count146

(/usr/share/texlive/texmf-dist/tex/generic/pgf/modules/pgfmodulematrix.code.tex
File: pgfmodulematrix.code.tex 2010/08/24  (rcs-revision 1.4)
\pgfmatrixcurrentrow=\count147
\pgfmatrixcurrentcolumn=\count148
\pgf@matrix@numberofcolumns=\count149
)
\tikz@expandcount=\count150

(/usr/share/texlive/texmf-dist/tex/generic/pgf/frontendlayer/tikz/libraries/tik
zlibrarytopaths.code.tex
File: tikzlibrarytopaths.code.tex 2008/06/17 v2.10 (rcs-revision 1.2)
))
:<-
) (/usr/share/texlive/texmf-dist/tex/latex/oberdiek/epstopdf.sty
Package: epstopdf 2010/02/09 v2.5 Conversion with epstopdf on the fly (HO)

(/usr/share/texlive/texmf-dist/tex/latex/oberdiek/epstopdf-base.sty
Package: epstopdf-base 2010/02/09 v2.5 Base part for package epstopdf

(/usr/share/texlive/texmf-dist/tex/latex/oberdiek/grfext.sty
Package: grfext 2010/08/19 v1.1 Manage graphics extensions (HO)
)
Package grfext Info: Graphics extension search list:
(grfext)             [.png,.pdf,.jpg,.mps,.jpeg,.jbig2,.jb2,.PNG,.PDF,.JPG,.JPE
G,.JBIG2,.JB2,.eps]
(grfext)             \AppendGraphicsExtensions on input line 452.

(/usr/share/texlive/texmf-dist/tex/latex/latexconfig/epstopdf-sys.cfg
File: epstopdf-sys.cfg 2010/07/13 v1.3 Configuration of (r)epstopdf for TeX Liv
e
)))
(/usr/share/texlive/texmf-dist/tex/latex/jknapltx/mathrsfs.sty
Package: mathrsfs 1996/01/01 Math RSFS package v1.0 (jk)
\symrsfs=\mathgroup6
)
(./my-dissertation.aux (./front-matter/dedication.aux)
(./front-matter/acknowledgements.aux) (./front-matter/quote.aux)
(./front-matter/abstract.aux) (./Introduction.aux) (./ExperimentalSetup.aux))
\openout1 = `my-dissertation.aux'.

LaTeX Font Info:    Checking defaults for OML/cmm/m/it on input line 66.
LaTeX Font Info:    ... okay on input line 66.
LaTeX Font Info:    Checking defaults for T1/cmr/m/n on input line 66.
LaTeX Font Info:    ... okay on input line 66.
LaTeX Font Info:    Checking defaults for OT1/cmr/m/n on input line 66.
LaTeX Font Info:    ... okay on input line 66.
LaTeX Font Info:    Checking defaults for OMS/cmsy/m/n on input line 66.
LaTeX Font Info:    ... okay on input line 66.
LaTeX Font Info:    Checking defaults for OMX/cmex/m/n on input line 66.
LaTeX Font Info:    ... okay on input line 66.
LaTeX Font Info:    Checking defaults for U/cmr/m/n on input line 66.
LaTeX Font Info:    ... okay on input line 66.
LaTeX Font Info:    Checking defaults for PD1/pdf/m/n on input line 66.
LaTeX Font Info:    ... okay on input line 66.

*geometry* detected driver: dvips
*geometry* verbose mode - [ preamble ] result:
* driver: dvips
* paper: letterpaper
* layout: <same size as paper>
* layoutoffset:(h,v)=(0.0pt,0.0pt)
* vratio: 1:1
* modes: 
* h-part:(L,W,R)=(108.405pt, 433.62001pt, 72.26999pt)
* v-part:(T,H,B)=(72.26999pt, 623.32875pt, 99.37125pt)
* \paperwidth=614.295pt
* \paperheight=794.96999pt
* \textwidth=433.62001pt
* \textheight=623.32875pt
* \oddsidemargin=36.13501pt
* \evensidemargin=36.13501pt
* \topmargin=-37.0pt
* \headheight=12.0pt
* \headsep=25.0pt
* \topskip=12.0pt
* \footskip=30.0pt
* \marginparwidth=44.0pt
* \marginparsep=10.0pt
* \columnsep=10.0pt
* \skip\footins=10.8pt plus 4.0pt minus 2.0pt
* \hoffset=0.0pt
* \voffset=0.0pt
* \mag=1000
* \@twocolumnfalse
* \@twosidefalse
* \@mparswitchfalse
* \@reversemarginfalse
* (1in=72.27pt=25.4mm, 1cm=28.453pt)

\AtBeginShipoutBox=\box39
Package backref Info: ** backref set up for natbib ** on input line 66.
Package hyperref Info: Link coloring ON on input line 66.
(/usr/share/texlive/texmf-dist/tex/latex/hyperref/nameref.sty
Package: nameref 2012/10/27 v2.43 Cross-referencing by name of section

(/usr/share/texlive/texmf-dist/tex/generic/oberdiek/gettitlestring.sty
Package: gettitlestring 2010/12/03 v1.4 Cleanup title references (HO)
)
\c@section@level=\count151
)
LaTeX Info: Redefining \ref on input line 66.
LaTeX Info: Redefining \pageref on input line 66.
LaTeX Info: Redefining \nameref on input line 66.

(./my-dissertation.out) (./my-dissertation.out)
\@outlinefile=\write4
\openout4 = `my-dissertation.out'.


(/usr/share/texlive/texmf-dist/tex/context/base/supp-pdf.mkii
[Loading MPS to PDF converter (version 2006.09.02).]
\scratchcounter=\count152
\scratchdimen=\dimen192
\scratchbox=\box40
\nofMPsegments=\count153
\nofMParguments=\count154
\everyMPshowfont=\toks40
\MPscratchCnt=\count155
\MPscratchDim=\dimen193
\MPnumerator=\count156
\makeMPintoPDFobject=\count157
\everyMPtoPDFconversion=\toks41
)
Package caption Info: Begin \AtBeginDocument code.
Package caption Info: subfig package v1.3 is loaded.
Package caption Info: End \AtBeginDocument code.
 ABD: EveryShipout initializing macros
LaTeX Font Info:    Try loading font information for U+msa on input line 69.

(/usr/share/texlive/texmf-dist/tex/latex/amsfonts/umsa.fd
File: umsa.fd 2013/01/14 v3.01 AMS symbols A
)
LaTeX Font Info:    Try loading font information for U+msb on input line 69.

(/usr/share/texlive/texmf-dist/tex/latex/amsfonts/umsb.fd
File: umsb.fd 2013/01/14 v3.01 AMS symbols B
)
LaTeX Font Info:    Try loading font information for U+rsfs on input line 69.

(/usr/share/texlive/texmf-dist/tex/latex/jknapltx/ursfs.fd
File: ursfs.fd 1998/03/24 rsfs font definition file (jk)
) [1
Non-PDF special ignored!

{/usr/share/texlive/texmf-var/fonts/map/pdftex/updmap/pdftex.map}]
Underfull \hbox (badness 10000) in paragraph at lines 70--70

 []


Underfull \hbox (badness 10000) in paragraph at lines 70--70

 []

[2] [3




]
LaTeX Font Info:    Try loading font information for OMS+cmr on input line 79.
 (/usr/share/texlive/texmf-dist/tex/latex/base/omscmr.fd
File: omscmr.fd 1999/05/25 v2.5h Standard LaTeX font definitions
)
LaTeX Font Info:    Font shape `OMS/cmr/m/n' in size <12> not available
(Font)              Font shape `OMS/cmsy/m/n' tried instead on input line 79.
 [2


]
:<+ front-matter/dedication.tex
\openout2 = `front-matter/dedication.aux'.

(./front-matter/dedication.tex)
:<-
:<+ front-matter/acknowledgements.tex
\openout2 = `front-matter/acknowledgements.aux'.

(./front-matter/acknowledgements.tex)
:<-
:<+ front-matter/quote.tex
\openout2 = `front-matter/quote.aux'.

(./front-matter/quote.tex)
:<-
:<+ front-matter/abstract.tex
\openout2 = `front-matter/abstract.aux'.

(./front-matter/abstract.tex)
:<-
(./my-dissertation.toc)
\tf@toc=\write5
\openout5 = `my-dissertation.toc'.

 [3























] (./my-dissertation.lot)
\tf@lot=\write6
\openout6 = `my-dissertation.lot'.

 [4



] (./my-dissertation.lof)
\tf@lof=\write7
\openout7 = `my-dissertation.lof'.

\@nomenclaturefile=\write8
\openout8 = `my-dissertation.nlo'.

Writing nomenclature file my-dissertation.nlo
[5



]
No file my-dissertation.nls.
:<+ Introduction.tex
\openout2 = `Introduction.aux'.

(./Introduction.tex
Chapter 1.

Package natbib Warning: Citation `PnN' on page 1 undefined on input line 9.


Package natbib Warning: Citation `Flay' on page 1 undefined on input line 9.


Package natbib Warning: Citation `Hof' on page 1 undefined on input line 9.


Package natbib Warning: Citation `seeley' on page 1 undefined on input line 9.


Package natbib Warning: Citation `CC' on page 1 undefined on input line 9.


Package natbib Warning: Citation `PnN' on page 1 undefined on input line 9.

[1





]

Package natbib Warning: Citation `Flay' on page 2 undefined on input line 22.


Package natbib Warning: Citation `Flay' on page 2 undefined on input line 22.

<images/feyman_e_p.png, id=139, 3027.05907pt x 1453.68094pt>
File: images/feyman_e_p.png Graphic file (type png)

<use images/feyman_e_p.png>
Package pdftex.def Info: images/feyman_e_p.png used on input line 23.
(pdftex.def)             Requested size: 284.52756pt x 136.63715pt.
 [2] [3 <./images/feyman_e_p.png>]

Package natbib Warning: Citation `PnN' on page 4 undefined on input line 42.


./Introduction.tex:44: LaTeX Error: Command \bfseries invalid in math mode.

See the LaTeX manual or LaTeX Companion for explanation.
Type  H <return>  for immediate help.
 ...                                              
                                                  
l.44 ...{q}c|^4} cos^2 (\theta/2) \cite{HighE,PnN}
                                                  .
Please use the math alphabet \mathbf instead of the \bfseries command. 


Package natbib Warning: Citation `HighE' on page 4 undefined on input line 44.


./Introduction.tex:44: LaTeX Error: Command \bfseries invalid in math mode.

See the LaTeX manual or LaTeX Companion for explanation.
Type  H <return>  for immediate help.
 ...                                              
                                                  
l.44 ...{q}c|^4} cos^2 (\theta/2) \cite{HighE,PnN}
                                                  .
Please use the math alphabet \mathbf instead of the \bfseries command. 


Package natbib Warning: Citation `PnN' on page 4 undefined on input line 44.


Package natbib Warning: Citation `PnN' on page 4 undefined on input line 47.


Package natbib Warning: Citation `PnN' on page 4 undefined on input line 47.

[4]

Package natbib Warning: Citation `PnN' on page 5 undefined on input line 53.

[5]

Package natbib Warning: Citation `DISearly' on page 6 undefined on input line 6
7.


Package natbib Warning: Citation `DISproton' on page 6 undefined on input line 
68.


Package natbib Warning: Citation `challenge' on page 6 undefined on input line 
72.


Package natbib Warning: Citation `CC' on page 6 undefined on input line 79.


Package natbib Warning: Citation `CC' on page 6 undefined on input line 79.

<images/EMC.png, id=181, 491.58656pt x 441.14813pt>
File: images/EMC.png Graphic file (type png)
 <use images/EMC.png>
Package pdftex.def Info: images/EMC.png used on input line 81.
(pdftex.def)             Requested size: 284.52756pt x 255.34105pt.

[6]

Package natbib Warning: Citation `Norton' on page 7 undefined on input line 84.



Package natbib Warning: Citation `piler' on page 7 undefined on input line 84.


Package natbib Warning: Citation `arri' on page 7 undefined on input line 84.


Package natbib Warning: Citation `DF' on page 7 undefined on input line 84.


Package natbib Warning: Citation `gomez' on page 7 undefined on input line 84.

[7 <./images/EMC.png>]

Package natbib Warning: Citation `Norton' on page 8 undefined on input line 88.



Package natbib Warning: Citation `Norton' on page 8 undefined on input line 88.


<images/EMC3.png, id=201, 331.2375pt x 271.0125pt>
File: images/EMC3.png Graphic file (type png)
 <use images/EMC3.png>
Package pdftex.def Info: images/EMC3.png used on input line 91.
(pdftex.def)             Requested size: 284.52756pt x 232.80566pt.


Package natbib Warning: Citation `CC' on page 8 undefined on input line 96.


Package natbib Warning: Citation `CC' on page 8 undefined on input line 96.

<images/EMC1.png, id=202, 542.025pt x 379.4175pt>
File: images/EMC1.png Graphic file (type png)
 <use images/EMC1.png>
Package pdftex.def Info: images/EMC1.png used on input line 98.
(pdftex.def)             Requested size: 284.52756pt x 199.17401pt.


LaTeX Warning: `h' float specifier changed to `ht'.


Package natbib Warning: Citation `seeley' on page 8 undefined on input line 102
.


Package natbib Warning: Citation `ajppt' on page 8 undefined on input line 102.



Package natbib Warning: Citation `seeley' on page 8 undefined on input line 102
.

[8 <./images/EMC3.png>]) [9 <./images/EMC1.png>]
:<-
:<+ ExperimentalSetup.tex
\openout2 = `ExperimentalSetup.aux'.

(./ExperimentalSetup.tex
Chapter 2.

Package natbib Warning: Citation `HallA' on page 10 undefined on input line 9.

[10




]

Package natbib Warning: Citation `HallA' on page 11 undefined on input line 10.


<images/CEBAF.png, id=221, 697.8572pt x 470.50781pt>
File: images/CEBAF.png Graphic file (type png)
 <use images/CEBAF.png>
Package pdftex.def Info: images/CEBAF.png used on input line 16.
(pdftex.def)             Requested size: 284.52756pt x 191.83253pt.

<images/HallA_2.png, id=223, 870.25125pt x 582.67688pt>
File: images/HallA_2.png Graphic file (type png)

<use images/HallA_2.png>
Package pdftex.def Info: images/HallA_2.png used on input line 25.
(pdftex.def)             Requested size: 398.33858pt x 266.70987pt.
 [11 <./images/CEBAF.png>]

Package natbib Warning: Citation `HallA' on page 12 undefined on input line 28.



Package natbib Warning: Citation `HallA' on page 12 undefined on input line 30.


[12 <./images/HallA_2.png>]

Package natbib Warning: Citation `HallA' on page 13 undefined on input line 34.



Package natbib Warning: Citation `HallA' on page 13 undefined on input line 34.


<images/BeamLine.png, id=240, 725.71124pt x 437.38406pt>
File: images/BeamLine.png Graphic file (type png)

<use images/BeamLine.png>
Package pdftex.def Info: images/BeamLine.png used on input line 36.
(pdftex.def)             Requested size: 398.33858pt x 240.08144pt.


Package natbib Warning: Citation `BPM' on page 13 undefined on input line 39.


Package natbib Warning: Citation `BPM2' on page 13 undefined on input line 39.


Package natbib Warning: Citation `BPM2' on page 13 undefined on input line 42.


Package natbib Warning: Citation `BPM2' on page 13 undefined on input line 42.

<images/BPM.png, id=243, 387.69844pt x 311.66437pt>
File: images/BPM.png Graphic file (type png)
 <use images/BPM.png>
Package pdftex.def Info: images/BPM.png used on input line 44.
(pdftex.def)             Requested size: 284.52756pt x 228.73053pt.

[13 <./images/BeamLine.png>]

Package natbib Warning: Citation `BPM2' on page 14 undefined on input line 49.


Package natbib Warning: Citation `BPM2' on page 14 undefined on input line 49.

<images/BPM_4.png, id=251, 478.78876pt x 411.03563pt>
File: images/BPM_4.png Graphic file (type png)
 <use images/BPM_4.png>
Package pdftex.def Info: images/BPM_4.png used on input line 51.
(pdftex.def)             Requested size: 284.52756pt x 244.26505pt.


Package natbib Warning: Citation `BPM2' on page 14 undefined on input line 55.

[14 <./images/BPM.png> <./images/BPM_4.png>]

LaTeX Warning: Reference `EP' on page 15 undefined on input line 58.

[15]

Package natbib Warning: Citation `Flay' on page 16 undefined on input line 63.


LaTeX Warning: Reference `arc' on page 16 undefined on input line 68.


Package natbib Warning: Citation `EPMet' on page 16 undefined on input line 68.



Package natbib Warning: Citation `Flay' on page 16 undefined on input line 68.


Package natbib Warning: Citation `BCM1' on page 16 undefined on input line 72.


Package natbib Warning: Citation `BCM1' on page 16 undefined on input line 72.


LaTeX Warning: File `BCM1.png' not found on input line 74.


./ExperimentalSetup.tex:74: Package pdftex.def Error: File `BCM1.png' not found
.

See the pdftex.def package documentation for explanation.
Type  H <return>  for immediate help.
 ...                                              
                                                  
l.74 ...	 		\includegraphics[width=10cm]{BCM1.png}
                                                  
Using draft setting for this image.
Try typing  <return>  to proceed.
If that doesn't work, type  X <return>  to quit.

[16]

LaTeX Warning: Reference `BCMpng' on page 17 undefined on input line 77.


Package natbib Warning: Citation `BCM1' on page 17 undefined on input line 77.

[17]

LaTeX Warning: Reference `hrsss' on page 18 undefined on input line 82.


Package natbib Warning: Citation `HallA' on page 18 undefined on input line 82.


<images/HRSs.png, id=278, 552.56438pt x 722.7pt>
File: images/HRSs.png Graphic file (type png)
 <use images/HRSs.png>
Package pdftex.def Info: images/HRSs.png used on input line 87.
(pdftex.def)             Requested size: 284.52756pt x 372.134pt.


Package natbib Warning: Citation `HallA' on page 18 undefined on input line 90.



Package natbib Warning: Citation `HallA' on page 18 undefined on input line 90.



LaTeX Warning: Reference `VDC_profile' on page 18 undefined on input line 95.


Package natbib Warning: Citation `drift' on page 18 undefined on input line 95.


[18] [19 <./images/HRSs.png>]

Package natbib Warning: Citation `drift' on page 20 undefined on input line 97.


<images/VDC_profile_view.png, id=293, 663.22781pt x 585.68813pt>
File: images/VDC_profile_view.png Graphic file (type png)

<use images/VDC_profile_view.png>
Package pdftex.def Info: images/VDC_profile_view.png used on input line 103.
(pdftex.def)             Requested size: 284.52756pt x 251.26009pt.


Package natbib Warning: Citation `drift' on page 20 undefined on input line 106
.


Package natbib Warning: Citation `drift' on page 20 undefined on input line 106
.

) [20 <./images/VDC_profile_view.png (PNG copy)>] [21]
:<-
:<+ DetectorCalibration.tex
\openout2 = `DetectorCalibration.aux'.

(./DetectorCalibration.tex
Chapter 3.

LaTeX Warning: Reference `harp' on page 22 undefined on input line 12.


Package natbib Warning: Citation `BPM' on page 22 undefined on input line 12.


Package natbib Warning: Citation `BPM2' on page 22 undefined on input line 12.


Package natbib Warning: Citation `BPM2' on page 22 undefined on input line 15.


Package natbib Warning: Citation `BPM2' on page 22 undefined on input line 15.

<images/harp.png, id=312, 964.35281pt x 255.95625pt>
File: images/harp.png Graphic file (type png)
 <use images/harp.png>
Package pdftex.def Info: images/harp.png used on input line 17.
(pdftex.def)             Requested size: 398.33858pt x 105.72385pt.

[22




]

LaTeX Warning: Reference `bulls' on page 23 undefined on input line 20.


LaTeX Warning: Reference `BPM_eq' on page 23 undefined on input line 20.

<images/bulls.png, id=321, 487.06969pt x 359.84438pt>
File: images/bulls.png Graphic file (type png)
 <use images/bulls.png>
Package pdftex.def Info: images/bulls.png used on input line 48.
(pdftex.def)             Requested size: 284.52756pt x 210.20886pt.

[23 <./images/harp.png>]) [24 <./images/bulls.png>]
:<-
:<+ DataAnalysis.tex
\openout2 = `DataAnalysis.aux'.

(./DataAnalysis.tex
Chapter 4.
) [25




]
:<-
:<+ Results.tex
\openout2 = `Results.aux'.

(./Results.tex
Chapter 5.
) [26




]
:<-
:<+ Simulation.tex
\openout2 = `Simulation.aux'.

(./Simulation.tex
Chapter 6.

Package natbib Warning: Citation `gomez' on page 27 undefined on input line 2.


LaTeX Warning: Reference `example' on page 27 undefined on input line 3.

<images/Initial.png, id=345, 451.6875pt x 451.6875pt>
File: images/Initial.png Graphic file (type png)
 <use images/Initial.png>
Package pdftex.def Info: images/Initial.png used on input line 7.
(pdftex.def)             Requested size: 227.62204pt x 227.62827pt.

[27




]

LaTeX Warning: Reference `boom' on page 28 undefined on input line 11.


LaTeX Warning: Reference `LAM' on page 28 undefined on input line 14.


LaTeX Warning: Reference `boost' on page 28 undefined on input line 14.


LaTeX Warning: Reference `delta' on page 28 undefined on input line 14.

[28 <./images/Initial.png>]
File: images/Initial.png Graphic file (type png)
 <use images/Initial.png>
Package pdftex.def Info: images/Initial.png used on input line 21.
(pdftex.def)             Requested size: 184.9429pt x 184.94495pt.

<images/RotatedbyLam.png, id=359, 602.25pt x 602.25pt>
File: images/RotatedbyLam.png Graphic file (type png)

<use images/RotatedbyLam.png>
Package pdftex.def Info: images/RotatedbyLam.png used on input line 26.
(pdftex.def)             Requested size: 184.9429pt x 184.94035pt.

<images/boosted.png, id=360, 602.25pt x 602.25pt>
File: images/boosted.png Graphic file (type png)
 <use images/boosted.png>
Package pdftex.def Info: images/boosted.png used on input line 31.
(pdftex.def)             Requested size: 184.9429pt x 184.94035pt.

<images/beforescattering.png, id=361, 602.25pt x 602.25pt>
File: images/beforescattering.png Graphic file (type png)

<use images/beforescattering.png>
Package pdftex.def Info: images/beforescattering.png used on input line 36.
(pdftex.def)             Requested size: 184.9429pt x 184.94035pt.


LaTeX Warning: Reference `delta2' on page 29 undefined on input line 42.


LaTeX Warning: Reference `transform2' on page 29 undefined on input line 42.

<images/afterscatter.png, id=362, 602.25pt x 602.25pt>
File: images/afterscatter.png Graphic file (type png)

<use images/afterscatter.png>
Package pdftex.def Info: images/afterscatter.png used on input line 47.
(pdftex.def)             Requested size: 170.71652pt x 170.71487pt.


LaTeX Warning: File `rotatedbydelta.png' not found on input line 52.


./Simulation.tex:52: Package pdftex.def Error: File `rotatedbydelta.png' not fo
und.

See the pdftex.def package documentation for explanation.
Type  H <return>  for immediate help.
 ...                                              
                                                  
l.52     \label{delta2}}
                        
Using draft setting for this image.
Try typing  <return>  to proceed.
If that doesn't work, type  X <return>  to quit.

<images/boostedback.png, id=363, 602.25pt x 602.25pt>
File: images/boostedback.png Graphic file (type png)

<use images/boostedback.png>
Package pdftex.def Info: images/boostedback.png used on input line 57.
(pdftex.def)             Requested size: 170.71652pt x 170.71487pt.
 <images/final.png, id=364, 602.25pt x 602.25pt>
File: images/final.png Graphic file (type png)

<use images/final.png>
Package pdftex.def Info: images/final.png used on input line 62.
(pdftex.def)             Requested size: 170.71652pt x 170.71487pt.
 [29 <./images/RotatedbyLam.png> <./images/boosted.png> <./images/beforescatter
ing.png>]

LaTeX Warning: `h' float specifier changed to `ht'.


LaTeX Warning: Reference `ES_res' on page 30 undefined on input line 70.

<images/Es_results.png, id=379, 861.2175pt x 685.05937pt>
File: images/Es_results.png Graphic file (type png)

<use images/Es_results.png>
Package pdftex.def Info: images/Es_results.png used on input line 76.
(pdftex.def)             Requested size: 426.79134pt x 339.49742pt.


LaTeX Warning: `h' float specifier changed to `ht'.

) [30] [31 <./images/afterscatter.png> <./images/boostedback.png> <./images/fin
al.png>] [32 <./images/Es_results.png (PNG copy)>]
:<-
:<+ Conclusion.tex
\openout2 = `Conclusion.aux'.

(./Conclusion.tex
Chapter 7.
) [33




]
:<-
:<+ my-dissertation.bbl
(./my-dissertation.bbl (./my-dissertation.brf)
\tf@brf=\write9
\openout9 = `my-dissertation.brf'.

 [34



] [35

]
Underfull \hbox (badness 1331) in paragraph at lines 100--100
[]\OT1/cmr/m/n/12 Tom Pow-ers, Lawrence Doolit-tle, Rok Ur-sic, and Jef-frey Wa
g-ner.  De-sign,
 []

[36])
:<-
[37] [38]
:<+ back-matter/appendix-1.tex
\openout2 = `back-matter/appendix-1.aux'.

(./back-matter/appendix-1.tex)
:<-
:<+ back-matter/vita.tex
\openout2 = `back-matter/vita.aux'.

(./back-matter/vita.tex)
:<-

Package natbib Warning: There were undefined citations.

Package atveryend Info: Empty hook `BeforeClearDocument' on input line 137.
Package atveryend Info: Empty hook `AfterLastShipout' on input line 137.
(./my-dissertation.aux (./front-matter/dedication.aux)
(./front-matter/acknowledgements.aux) (./front-matter/quote.aux)
(./front-matter/abstract.aux) (./Introduction.aux) (./ExperimentalSetup.aux)
(./DetectorCalibration.aux) (./DataAnalysis.aux) (./Results.aux)
(./Simulation.aux) (./Conclusion.aux)

Package natbib Warning: Citation(s) may have changed.
(natbib)                Rerun to get citations correct.

(./back-matter/appendix-1.aux) (./back-matter/vita.aux)

./my-dissertation.aux:58: Package natbib Error: Bibliography not compatible wit
h author-year citations.
(natbib)                Press <return> to continue in numerical citation style.


See the natbib package documentation for explanation.
Type  H <return>  for immediate help.
 ...                                              
                                                  
l.58 ...mand\NAT@force@numbers{}\NAT@force@numbers
                                                  
Check the bibliography entries for non-compliant syntax,
or select author-year BibTeX style, e.g. plainnat

)
Package atveryend Info: Executing hook `AtVeryEndDocument' on input line 137.
Package atveryend Info: Executing hook `AtEndAfterFileList' on input line 137.


Package rerunfilecheck Warning: File `my-dissertation.out' has changed.
(rerunfilecheck)                Rerun to get outlines right
(rerunfilecheck)                or use package `bookmark'.

Package rerunfilecheck Info: Checksums for `my-dissertation.out':
(rerunfilecheck)             Before: EFF83B52E515DD2E82DAE93DA5259AF0;1064
(rerunfilecheck)             After:  163B40CB91544456D4CBD32D515DFF80;2400.

Package rerunfilecheck Warning: File `my-dissertation.brf' has changed.
(rerunfilecheck)                Rerun to get bibliographical references right.

Package rerunfilecheck Info: Checksums for `my-dissertation.brf':
(rerunfilecheck)             Before: 081B37A4E1C9D4F1F673D220C1763E19;2728
(rerunfilecheck)             After:  D41D8CD98F00B204E9800998ECF8427E;0.

LaTeX Warning: There were undefined references.


LaTeX Warning: Label(s) may have changed. Rerun to get cross-references right.

Package atveryend Info: Empty hook `AtVeryVeryEnd' on input line 137.
 ) 
Here is how much of TeX's memory you used:
 17528 strings out of 495063
 301550 string characters out of 3182202
 374027 words of memory out of 3000000
 20080 multiletter control sequences out of 15000+200000
 16383 words of font info for 64 fonts, out of 3000000 for 9000
 14 hyphenation exceptions out of 8191
 57i,11n,57p,1891b,483s stack positions out of 5000i,500n,10000p,200000b,50000s
pdfTeX warning (dest): name{page.vi} has been referenced but does not exist, 
replaced by a fixed one

</usr/share/texlive/texmf-dist/fonts/type1/public/amsfonts/cm/cmbx10.pfb></usr/
share/texlive/texmf-dist/fonts/type1/public/amsfonts/cm/cmbx12.pfb></usr/share/
texlive/texmf-dist/fonts/type1/public/amsfonts/cm/cmex10.pfb></usr/share/texliv
e/texmf-dist/fonts/type1/public/amsfonts/cm/cmmi10.pfb></usr/share/texlive/texm
f-dist/fonts/type1/public/amsfonts/cm/cmmi12.pfb></usr/share/texlive/texmf-dist
/fonts/type1/public/amsfonts/cm/cmmi6.pfb></usr/share/texlive/texmf-dist/fonts/
type1/public/amsfonts/cm/cmmi8.pfb></usr/share/texlive/texmf-dist/fonts/type1/p
ublic/amsfonts/cm/cmmib10.pfb></usr/share/texlive/texmf-dist/fonts/type1/public
/amsfonts/cmextra/cmmib8.pfb></usr/share/texlive/texmf-dist/fonts/type1/public/
amsfonts/cm/cmr10.pfb></usr/share/texlive/texmf-dist/fonts/type1/public/amsfont
s/cm/cmr12.pfb></usr/share/texlive/texmf-dist/fonts/type1/public/amsfonts/cm/cm
r17.pfb></usr/share/texlive/texmf-dist/fonts/type1/public/amsfonts/cm/cmr6.pfb>
</usr/share/texlive/texmf-dist/fonts/type1/public/amsfonts/cm/cmr8.pfb></usr/sh
are/texlive/texmf-dist/fonts/type1/public/amsfonts/cm/cmsy10.pfb></usr/share/te
xlive/texmf-dist/fonts/type1/public/amsfonts/cm/cmsy8.pfb></usr/share/texlive/t
exmf-dist/fonts/type1/public/amsfonts/cm/cmti12.pfb></usr/share/texlive/texmf-d
ist/fonts/type1/public/amsfonts/cm/cmtt12.pfb></usr/share/texlive/texmf-dist/fo
nts/type1/public/amsfonts/symbols/msam10.pfb></usr/share/texlive/texmf-dist/fon
ts/type1/public/amsfonts/symbols/msbm10.pfb>
Output written on my-dissertation.pdf (45 pages, 2557248 bytes).
PDF statistics:
 613 PDF objects out of 1000 (max. 8388607)
 509 compressed objects within 6 object streams
 183 named destinations out of 1000 (max. 500000)
 270 words of extra memory for PDF output out of 10000 (max. 10000000)

