\BOOKMARK [0][-]{rootNode.0}{Front Matter}{}% 1
\BOOKMARK [1][-]{a.1}{Title}{rootNode.0}% 2
\BOOKMARK [1][-]{b.1}{Dedication}{rootNode.0}% 3
\BOOKMARK [1][-]{c.1}{Acknowledgements}{rootNode.0}% 4
\BOOKMARK [1][-]{d.1}{Quote}{rootNode.0}% 5
\BOOKMARK [1][-]{e.1}{Abstract}{rootNode.0}% 6
\BOOKMARK [0][-]{f.0}{Table of Contents}{}% 7
\BOOKMARK [0][-]{section*.9}{List of Tables}{}% 8
\BOOKMARK [0][-]{section*.11}{List of Figures}{}% 9
\BOOKMARK [0][-]{g.0}{Nomenclature}{}% 10
\BOOKMARK [0][-]{chapter.1}{1 Introduction}{}% 11
\BOOKMARK [1][-]{section.1.1}{1.1 Electron scattering}{chapter.1}% 12
\BOOKMARK [2][-]{subsection.1.1.1}{1.1.1 Deep inelastic scattering}{section.1.1}% 13
\BOOKMARK [1][-]{section.1.2}{1.2 EMC Effect}{chapter.1}% 14
\BOOKMARK [1][-]{section.1.3}{1.3 MARATHON}{chapter.1}% 15
\BOOKMARK [0][-]{chapter.2}{2 \040Experimental Setup}{}% 16
\BOOKMARK [1][-]{section.2.1}{2.1 Thomas Jefferson Lab}{chapter.2}% 17
\BOOKMARK [2][-]{subsection.2.1.1}{2.1.1 CEBAF}{section.2.1}% 18
\BOOKMARK [2][-]{subsection.2.1.2}{2.1.2 Hall A}{section.2.1}% 19
\BOOKMARK [1][-]{section.2.2}{2.2 Target}{chapter.2}% 20
\BOOKMARK [1][-]{section.2.3}{2.3 High Resolution Spectrometers}{chapter.2}% 21
\BOOKMARK [2][-]{subsection.2.3.1}{2.3.1 Vertical Drift Chambers}{section.2.3}% 22
\BOOKMARK [2][-]{subsection.2.3.2}{2.3.2 Scintillators}{section.2.3}% 23
\BOOKMARK [2][-]{subsection.2.3.3}{2.3.3 Cherenkov}{section.2.3}% 24
\BOOKMARK [2][-]{subsection.2.3.4}{2.3.4 Shower Calorimeter}{section.2.3}% 25
\BOOKMARK [2][-]{subsection.2.3.5}{2.3.5 Pion Rejector}{section.2.3}% 26
\BOOKMARK [2][-]{subsection.2.3.6}{2.3.6 FPP Chambers}{section.2.3}% 27
\BOOKMARK [1][-]{section.2.4}{2.4 Trigger Setup}{chapter.2}% 28
\BOOKMARK [1][-]{section.2.5}{2.5 DAQ - Data Acquisition System}{chapter.2}% 29
\BOOKMARK [1][-]{section.2.6}{2.6 Kinematic Settings}{chapter.2}% 30
\BOOKMARK [0][-]{chapter.3}{3 Calibration}{}% 31
\BOOKMARK [1][-]{section.3.1}{3.1 Beam Line}{chapter.3}% 32
\BOOKMARK [0][-]{chapter.4}{4 Data Analysis}{}% 33
\BOOKMARK [0][-]{chapter.5}{5 Results}{}% 34
\BOOKMARK [0][-]{chapter.6}{6 Simulation}{}% 35
\BOOKMARK [1][-]{section.6.1}{6.1 Investigation}{chapter.6}% 36
\BOOKMARK [1][-]{section.6.2}{6.2 Transformation}{chapter.6}% 37
\BOOKMARK [1][-]{section.6.3}{6.3 Results}{chapter.6}% 38
\BOOKMARK [0][-]{chapter.7}{7 Conclusion}{}% 39
\BOOKMARK [0][-]{section*.56}{Bibliography}{}% 40
